<?xml version="1.0" encoding="UTF-8"?>
<testsuite name="ru.stqa.ak.tests.sandbox.PrimeTests" tests="3" skipped="0" failures="0" errors="0" timestamp="2018-12-14T14:43:50" hostname="s4nxpa8" time="19.129">
  <properties/>
  <testcase name="testNonPrime" classname="ru.stqa.ak.tests.sandbox.PrimeTests" time="0.001"/>
  <testcase name="testPrimeLong" classname="ru.stqa.ak.tests.sandbox.PrimeTests" time="19.127"/>
  <testcase name="testPrimes" classname="ru.stqa.ak.tests.sandbox.PrimeTests" time="0.001"/>
  <system-out><![CDATA[]]></system-out>
  <system-err><![CDATA[]]></system-err>
</testsuite>
