<?xml version="1.0" encoding="UTF-8"?>
<testsuite name="ru.stqa.ak.tests.sandbox.SquareTests" tests="1" skipped="0" failures="0" errors="0" timestamp="2018-12-14T14:44:10" hostname="s4nxpa8" time="0.001">
  <properties/>
  <testcase name="testArea" classname="ru.stqa.ak.tests.sandbox.SquareTests" time="0.001"/>
  <system-out><![CDATA[]]></system-out>
  <system-err><![CDATA[]]></system-err>
</testsuite>
