<?xml version="1.0" encoding="UTF-8"?>
<testsuite name="ru.stqa.ak.tests.sandbox.PointTests" tests="3" skipped="0" failures="0" errors="0" timestamp="2018-12-14T14:43:50" hostname="s4nxpa8" time="0.001">
  <properties/>
  <testcase name="testDistDiagonal" classname="ru.stqa.ak.tests.sandbox.PointTests" time="0.0"/>
  <testcase name="testDistHorizontal" classname="ru.stqa.ak.tests.sandbox.PointTests" time="0.0"/>
  <testcase name="testDistVertical" classname="ru.stqa.ak.tests.sandbox.PointTests" time="0.0"/>
  <system-out><![CDATA[]]></system-out>
  <system-err><![CDATA[]]></system-err>
</testsuite>
