<?xml version="1.0" encoding="UTF-8"?>
<testsuite name="ru.stqa.ak.addressbook.tests.GroupCreationTests" tests="4" skipped="0" failures="0" errors="0" timestamp="2018-11-19T15:58:03" hostname="s4nxpa8" time="6.637">
  <properties/>
  <testcase name="testGroupCreation[0](GroupData{id='2147483647', name='test 0'})" classname="ru.stqa.ak.addressbook.tests.GroupCreationTests" time="2.133"/>
  <testcase name="testGroupCreation[1](GroupData{id='2147483647', name='test 1'})" classname="ru.stqa.ak.addressbook.tests.GroupCreationTests" time="1.514"/>
  <testcase name="testGroupCreation[2](GroupData{id='2147483647', name='test 2'})" classname="ru.stqa.ak.addressbook.tests.GroupCreationTests" time="1.418"/>
  <testcase name="testGroupCreation[3](GroupData{id='2147483647', name='test 3'})" classname="ru.stqa.ak.addressbook.tests.GroupCreationTests" time="1.57"/>
  <system-out><![CDATA[]]></system-out>
  <system-err><![CDATA[]]></system-err>
</testsuite>
