<?xml version="1.0" encoding="UTF-8"?>
<testsuite name="ru.stqa.ak.addressbook.tests.GroupModificationTests" tests="1" skipped="0" failures="0" errors="0" timestamp="2018-11-19T15:58:10" hostname="s4nxpa8" time="1.395">
  <properties/>
  <testcase name="testGroupModification" classname="ru.stqa.ak.addressbook.tests.GroupModificationTests" time="1.395"/>
  <system-out><![CDATA[]]></system-out>
  <system-err><![CDATA[]]></system-err>
</testsuite>
