<?xml version="1.0" encoding="UTF-8"?>
<testsuite name="ru.stqa.ak.addressbook.tests.GroupDeletionTests" tests="1" skipped="0" failures="0" errors="0" timestamp="2018-11-19T15:58:12" hostname="s4nxpa8" time="0.988">
  <properties/>
  <testcase name="testGroupDeletion" classname="ru.stqa.ak.addressbook.tests.GroupDeletionTests" time="0.988"/>
  <system-out><![CDATA[]]></system-out>
  <system-err><![CDATA[]]></system-err>
</testsuite>
